CLIENT - 20 Jun 2024 21:45:38,303 TRACE StartClient 26 start - Enter Starting the application...
CLIENT - 20 Jun 2024 21:45:38,308 INFO  StartClient 30 start - Properties loaded successfully.
CLIENT - 20 Jun 2024 21:46:50,335 TRACE StartClient 26 start - Enter Starting the application...
CLIENT - 20 Jun 2024 21:46:50,340 INFO  StartClient 30 start - Properties loaded successfully.
CLIENT - 20 Jun 2024 21:47:07,724 TRACE StartClient 26 start - Enter Starting the application...
CLIENT - 20 Jun 2024 21:47:07,729 INFO  StartClient 30 start - Properties loaded successfully.
CLIENT - 20 Jun 2024 21:48:21,254 TRACE StartClient 26 start - Enter Starting the application...
CLIENT - 20 Jun 2024 21:48:21,260 INFO  StartClient 30 start - Properties loaded successfully.
CLIENT - 20 Jun 2024 21:48:21,698 TRACE Controller.LoginController 37 initLoginController - Enter Initializing the LoginController...
CLIENT - 20 Jun 2024 21:48:21,711 TRACE Controller.LoginController 44 initLoginController - Exit with(Constructed the LoginController!)
CLIENT - 20 Jun 2024 21:48:22,036 TRACE StartClient 71 start - Exit with(Initialized the application!)
CLIENT - 20 Jun 2024 21:48:24,249 TRACE Controller.LoginController 48 loginAction - Enter Identifying the user by the passed username and password...
CLIENT - 20 Jun 2024 21:48:24,250 INFO  Controller.LoginController 50 loginAction - Checking if the fields are empty...
CLIENT - 20 Jun 2024 21:48:24,251 INFO  Controller.LoginController 57 loginAction - The fields are not empty. Continuing!
CLIENT - 20 Jun 2024 21:48:24,251 INFO  Controller.LoginController 61 loginAction - Trying to retrieve the user by the passed username 'test' and password...
CLIENT - 20 Jun 2024 21:48:24,252 TRACE NetworkUtils.ProtobufProxy 225 login - Enter Logging in with username: test.
CLIENT - 20 Jun 2024 21:48:24,252 INFO  NetworkUtils.ProtobufProxy 227 login - Initializing the connection...
CLIENT - 20 Jun 2024 21:48:24,252 TRACE NetworkUtils.ProtobufProxy 52 initializeConnection - Enter Initializing the connection...
CLIENT - 20 Jun 2024 21:48:24,253 INFO  NetworkUtils.ProtobufProxy 55 initializeConnection - Initializing the socket...
CLIENT - 20 Jun 2024 21:48:24,263 INFO  NetworkUtils.ProtobufProxy 58 initializeConnection - Initializing the input and output streams...
CLIENT - 20 Jun 2024 21:48:24,264 INFO  NetworkUtils.ProtobufProxy 65 initializeConnection - Starting the reader thread...
CLIENT - 20 Jun 2024 21:48:24,265 INFO  NetworkUtils.ProtobufProxy 230 login - Sending the login request...
CLIENT - 20 Jun 2024 21:50:19,321 TRACE StartClient 26 start - Enter Starting the application...
CLIENT - 20 Jun 2024 21:50:19,328 INFO  StartClient 30 start - Properties loaded successfully.
CLIENT - 20 Jun 2024 21:50:19,821 TRACE Controller.LoginController 37 initLoginController - Enter Initializing the LoginController...
CLIENT - 20 Jun 2024 21:50:19,837 TRACE Controller.LoginController 44 initLoginController - Exit with(Constructed the LoginController!)
CLIENT - 20 Jun 2024 21:50:20,232 TRACE StartClient 71 start - Exit with(Initialized the application!)
CLIENT - 20 Jun 2024 21:50:24,331 TRACE Controller.LoginController 48 loginAction - Enter Identifying the user by the passed username and password...
CLIENT - 20 Jun 2024 21:50:24,331 INFO  Controller.LoginController 50 loginAction - Checking if the fields are empty...
CLIENT - 20 Jun 2024 21:50:24,331 INFO  Controller.LoginController 57 loginAction - The fields are not empty. Continuing!
CLIENT - 20 Jun 2024 21:50:24,332 INFO  Controller.LoginController 61 loginAction - Trying to retrieve the user by the passed username 'test' and password...
CLIENT - 20 Jun 2024 21:50:24,332 TRACE NetworkUtils.ProtobufProxy 225 login - Enter Logging in with username: test.
CLIENT - 20 Jun 2024 21:50:24,333 INFO  NetworkUtils.ProtobufProxy 227 login - Initializing the connection...
CLIENT - 20 Jun 2024 21:50:24,333 TRACE NetworkUtils.ProtobufProxy 52 initializeConnection - Enter Initializing the connection...
CLIENT - 20 Jun 2024 21:50:24,333 INFO  NetworkUtils.ProtobufProxy 55 initializeConnection - Initializing the socket...
CLIENT - 20 Jun 2024 21:50:24,343 INFO  NetworkUtils.ProtobufProxy 58 initializeConnection - Initializing the input and output streams...
CLIENT - 20 Jun 2024 21:50:24,345 INFO  NetworkUtils.ProtobufProxy 65 initializeConnection - Starting the reader thread...
CLIENT - 20 Jun 2024 21:50:24,347 INFO  NetworkUtils.ProtobufProxy 230 login - Sending the login request...
CLIENT - 20 Jun 2024 21:50:57,485 TRACE Controller.LoginController 48 loginAction - Enter Identifying the user by the passed username and password...
CLIENT - 20 Jun 2024 21:50:57,486 INFO  Controller.LoginController 50 loginAction - Checking if the fields are empty...
CLIENT - 20 Jun 2024 21:50:57,487 INFO  Controller.LoginController 57 loginAction - The fields are not empty. Continuing!
CLIENT - 20 Jun 2024 21:50:57,489 INFO  Controller.LoginController 61 loginAction - Trying to retrieve the user by the passed username 'test' and password...
CLIENT - 20 Jun 2024 21:50:57,490 TRACE NetworkUtils.ProtobufProxy 225 login - Enter Logging in with username: test.
CLIENT - 20 Jun 2024 21:50:57,491 INFO  NetworkUtils.ProtobufProxy 227 login - Initializing the connection...
CLIENT - 20 Jun 2024 21:50:57,492 TRACE NetworkUtils.ProtobufProxy 52 initializeConnection - Enter Initializing the connection...
CLIENT - 20 Jun 2024 21:50:57,493 INFO  NetworkUtils.ProtobufProxy 55 initializeConnection - Initializing the socket...
CLIENT - 20 Jun 2024 21:50:57,496 INFO  NetworkUtils.ProtobufProxy 58 initializeConnection - Initializing the input and output streams...
CLIENT - 20 Jun 2024 21:50:57,498 INFO  NetworkUtils.ProtobufProxy 65 initializeConnection - Starting the reader thread...
CLIENT - 20 Jun 2024 21:50:57,499 INFO  NetworkUtils.ProtobufProxy 230 login - Sending the login request...
CLIENT - 20 Jun 2024 21:51:24,950 TRACE StartClient 26 start - Enter Starting the application...
CLIENT - 20 Jun 2024 21:51:24,956 INFO  StartClient 30 start - Properties loaded successfully.
CLIENT - 20 Jun 2024 21:51:25,441 TRACE Controller.LoginController 37 initLoginController - Enter Initializing the LoginController...
CLIENT - 20 Jun 2024 21:51:25,456 TRACE Controller.LoginController 44 initLoginController - Exit with(Constructed the LoginController!)
CLIENT - 20 Jun 2024 21:51:25,816 TRACE StartClient 71 start - Exit with(Initialized the application!)
CLIENT - 20 Jun 2024 21:51:41,419 TRACE Controller.LoginController 48 loginAction - Enter Identifying the user by the passed username and password...
CLIENT - 20 Jun 2024 21:51:41,420 INFO  Controller.LoginController 50 loginAction - Checking if the fields are empty...
CLIENT - 20 Jun 2024 21:51:41,420 INFO  Controller.LoginController 57 loginAction - The fields are not empty. Continuing!
CLIENT - 20 Jun 2024 21:51:41,420 INFO  Controller.LoginController 61 loginAction - Trying to retrieve the user by the passed username 'test' and password...
CLIENT - 20 Jun 2024 21:51:41,421 TRACE NetworkUtils.ProtobufProxy 225 login - Enter Logging in with username: test.
CLIENT - 20 Jun 2024 21:51:41,421 INFO  NetworkUtils.ProtobufProxy 227 login - Initializing the connection...
CLIENT - 20 Jun 2024 21:51:41,422 TRACE NetworkUtils.ProtobufProxy 52 initializeConnection - Enter Initializing the connection...
CLIENT - 20 Jun 2024 21:51:41,422 INFO  NetworkUtils.ProtobufProxy 55 initializeConnection - Initializing the socket...
CLIENT - 20 Jun 2024 21:51:41,433 INFO  NetworkUtils.ProtobufProxy 58 initializeConnection - Initializing the input and output streams...
CLIENT - 20 Jun 2024 21:51:41,434 INFO  NetworkUtils.ProtobufProxy 65 initializeConnection - Starting the reader thread...
CLIENT - 20 Jun 2024 21:51:41,436 INFO  NetworkUtils.ProtobufProxy 230 login - Sending the login request...
CLIENT - 20 Jun 2024 21:55:44,373 TRACE StartClient 26 start - Enter Starting the application...
CLIENT - 20 Jun 2024 21:55:44,379 INFO  StartClient 30 start - Properties loaded successfully.
CLIENT - 20 Jun 2024 21:55:44,913 TRACE Controller.LoginController 37 initLoginController - Enter Initializing the LoginController...
CLIENT - 20 Jun 2024 21:55:44,927 TRACE Controller.LoginController 44 initLoginController - Exit with(Constructed the LoginController!)
CLIENT - 20 Jun 2024 21:55:45,302 TRACE StartClient 71 start - Exit with(Initialized the application!)
CLIENT - 20 Jun 2024 21:55:47,688 TRACE Controller.LoginController 48 loginAction - Enter Identifying the user by the passed username and password...
CLIENT - 20 Jun 2024 21:55:47,688 INFO  Controller.LoginController 50 loginAction - Checking if the fields are empty...
CLIENT - 20 Jun 2024 21:55:47,689 INFO  Controller.LoginController 57 loginAction - The fields are not empty. Continuing!
CLIENT - 20 Jun 2024 21:55:47,689 INFO  Controller.LoginController 61 loginAction - Trying to retrieve the user by the passed username 'test' and password...
CLIENT - 20 Jun 2024 21:55:47,689 TRACE NetworkUtils.ProtobufProxy 225 login - Enter Logging in with username: test.
CLIENT - 20 Jun 2024 21:55:47,690 INFO  NetworkUtils.ProtobufProxy 227 login - Initializing the connection...
CLIENT - 20 Jun 2024 21:55:47,690 TRACE NetworkUtils.ProtobufProxy 52 initializeConnection - Enter Initializing the connection...
CLIENT - 20 Jun 2024 21:55:47,691 INFO  NetworkUtils.ProtobufProxy 55 initializeConnection - Initializing the socket...
CLIENT - 20 Jun 2024 21:55:47,705 INFO  NetworkUtils.ProtobufProxy 58 initializeConnection - Initializing the input and output streams...
CLIENT - 20 Jun 2024 21:55:47,707 INFO  NetworkUtils.ProtobufProxy 65 initializeConnection - Starting the reader thread...
CLIENT - 20 Jun 2024 21:55:47,708 INFO  NetworkUtils.ProtobufProxy 230 login - Sending the login request...
CLIENT - 20 Jun 2024 21:57:41,737 TRACE StartClient 26 start - Enter Starting the application...
CLIENT - 20 Jun 2024 21:57:41,743 INFO  StartClient 30 start - Properties loaded successfully.
CLIENT - 20 Jun 2024 21:57:42,165 TRACE Controller.LoginController 37 initLoginController - Enter Initializing the LoginController...
CLIENT - 20 Jun 2024 21:57:42,178 TRACE Controller.LoginController 44 initLoginController - Exit with(Constructed the LoginController!)
CLIENT - 20 Jun 2024 21:57:42,507 TRACE StartClient 71 start - Exit with(Initialized the application!)
CLIENT - 20 Jun 2024 21:57:45,100 TRACE Controller.LoginController 48 loginAction - Enter Identifying the user by the passed username and password...
CLIENT - 20 Jun 2024 21:57:45,101 INFO  Controller.LoginController 50 loginAction - Checking if the fields are empty...
CLIENT - 20 Jun 2024 21:57:45,101 INFO  Controller.LoginController 57 loginAction - The fields are not empty. Continuing!
CLIENT - 20 Jun 2024 21:57:45,102 INFO  Controller.LoginController 61 loginAction - Trying to retrieve the user by the passed username 'test' and password...
CLIENT - 20 Jun 2024 21:57:45,102 TRACE NetworkUtils.ProtobufProxy 225 login - Enter Logging in with username: test.
CLIENT - 20 Jun 2024 21:57:45,103 INFO  NetworkUtils.ProtobufProxy 227 login - Initializing the connection...
CLIENT - 20 Jun 2024 21:57:45,103 TRACE NetworkUtils.ProtobufProxy 52 initializeConnection - Enter Initializing the connection...
CLIENT - 20 Jun 2024 21:57:45,103 INFO  NetworkUtils.ProtobufProxy 55 initializeConnection - Initializing the socket...
CLIENT - 20 Jun 2024 21:57:45,113 INFO  NetworkUtils.ProtobufProxy 58 initializeConnection - Initializing the input and output streams...
CLIENT - 20 Jun 2024 21:57:45,114 INFO  NetworkUtils.ProtobufProxy 65 initializeConnection - Starting the reader thread...
CLIENT - 20 Jun 2024 21:57:45,115 INFO  NetworkUtils.ProtobufProxy 230 login - Sending the login request...
CLIENT - 20 Jun 2024 21:57:45,146 TRACE NetworkUtils.ProtobufProxy 158 sendRequest - Exit with(Request sent successfully!)
CLIENT - 20 Jun 2024 21:57:45,147 INFO  NetworkUtils.ProtobufProxy 234 login - Reading the response from the server...
CLIENT - 20 Jun 2024 21:57:45,147 TRACE NetworkUtils.ProtobufProxy 172 readResponse - Enter Reading the response...
CLIENT - 20 Jun 2024 21:58:27,557 TRACE StartClient 26 start - Enter Starting the application...
CLIENT - 20 Jun 2024 21:58:27,562 INFO  StartClient 30 start - Properties loaded successfully.
CLIENT - 20 Jun 2024 21:58:28,062 TRACE Controller.LoginController 37 initLoginController - Enter Initializing the LoginController...
CLIENT - 20 Jun 2024 21:58:28,080 TRACE Controller.LoginController 44 initLoginController - Exit with(Constructed the LoginController!)
CLIENT - 20 Jun 2024 21:58:28,445 TRACE StartClient 71 start - Exit with(Initialized the application!)
CLIENT - 20 Jun 2024 21:58:39,107 TRACE Controller.LoginController 48 loginAction - Enter Identifying the user by the passed username and password...
CLIENT - 20 Jun 2024 21:58:39,108 INFO  Controller.LoginController 50 loginAction - Checking if the fields are empty...
CLIENT - 20 Jun 2024 21:58:39,109 INFO  Controller.LoginController 57 loginAction - The fields are not empty. Continuing!
CLIENT - 20 Jun 2024 21:58:39,109 INFO  Controller.LoginController 61 loginAction - Trying to retrieve the user by the passed username 'test' and password...
CLIENT - 20 Jun 2024 21:58:39,109 TRACE NetworkUtils.ProtobufProxy 225 login - Enter Logging in with username: test.
CLIENT - 20 Jun 2024 21:58:39,110 INFO  NetworkUtils.ProtobufProxy 227 login - Initializing the connection...
CLIENT - 20 Jun 2024 21:58:39,110 TRACE NetworkUtils.ProtobufProxy 52 initializeConnection - Enter Initializing the connection...
CLIENT - 20 Jun 2024 21:58:39,111 INFO  NetworkUtils.ProtobufProxy 55 initializeConnection - Initializing the socket...
CLIENT - 20 Jun 2024 21:58:39,126 INFO  NetworkUtils.ProtobufProxy 58 initializeConnection - Initializing the input and output streams...
CLIENT - 20 Jun 2024 21:58:39,127 INFO  NetworkUtils.ProtobufProxy 65 initializeConnection - Starting the reader thread...
CLIENT - 20 Jun 2024 21:58:39,129 INFO  NetworkUtils.ProtobufProxy 230 login - Sending the login request...
CLIENT - 20 Jun 2024 21:59:33,402 TRACE StartClient 26 start - Enter Starting the application...
CLIENT - 20 Jun 2024 21:59:33,409 INFO  StartClient 30 start - Properties loaded successfully.
CLIENT - 20 Jun 2024 21:59:33,850 TRACE Controller.LoginController 37 initLoginController - Enter Initializing the LoginController...
CLIENT - 20 Jun 2024 21:59:33,862 TRACE Controller.LoginController 44 initLoginController - Exit with(Constructed the LoginController!)
CLIENT - 20 Jun 2024 21:59:34,181 TRACE StartClient 71 start - Exit with(Initialized the application!)
CLIENT - 20 Jun 2024 21:59:37,652 TRACE Controller.LoginController 48 loginAction - Enter Identifying the user by the passed username and password...
CLIENT - 20 Jun 2024 21:59:37,652 INFO  Controller.LoginController 50 loginAction - Checking if the fields are empty...
CLIENT - 20 Jun 2024 21:59:37,653 INFO  Controller.LoginController 57 loginAction - The fields are not empty. Continuing!
CLIENT - 20 Jun 2024 21:59:37,653 INFO  Controller.LoginController 61 loginAction - Trying to retrieve the user by the passed username 'test' and password...
CLIENT - 20 Jun 2024 21:59:37,654 TRACE NetworkUtils.ProtobufProxy 225 login - Enter Logging in with username: test.
CLIENT - 20 Jun 2024 21:59:37,654 INFO  NetworkUtils.ProtobufProxy 227 login - Initializing the connection...
CLIENT - 20 Jun 2024 21:59:37,654 TRACE NetworkUtils.ProtobufProxy 52 initializeConnection - Enter Initializing the connection...
CLIENT - 20 Jun 2024 21:59:37,655 INFO  NetworkUtils.ProtobufProxy 55 initializeConnection - Initializing the socket...
CLIENT - 20 Jun 2024 21:59:37,664 ERROR NetworkUtils.ProtobufProxy 68 initializeConnection - Error initializing the connection: Connection refused
CLIENT - 20 Jun 2024 21:59:37,665 ERROR NetworkUtils.ProtobufProxy 249 login - Error initializing the connection: Error initializing the connection: Connection refused
CLIENT - 20 Jun 2024 21:59:37,665 ERROR Controller.LoginController 72 loginAction - Error retrieving the user: Error initializing the connection: Error initializing the connection: Connection refused
CLIENT - 20 Jun 2024 21:59:44,378 TRACE Controller.LoginController 48 loginAction - Enter Identifying the user by the passed username and password...
CLIENT - 20 Jun 2024 21:59:44,379 INFO  Controller.LoginController 50 loginAction - Checking if the fields are empty...
CLIENT - 20 Jun 2024 21:59:44,379 INFO  Controller.LoginController 57 loginAction - The fields are not empty. Continuing!
CLIENT - 20 Jun 2024 21:59:44,379 INFO  Controller.LoginController 61 loginAction - Trying to retrieve the user by the passed username 'test' and password...
CLIENT - 20 Jun 2024 21:59:44,380 TRACE NetworkUtils.ProtobufProxy 225 login - Enter Logging in with username: test.
CLIENT - 20 Jun 2024 21:59:44,380 INFO  NetworkUtils.ProtobufProxy 227 login - Initializing the connection...
CLIENT - 20 Jun 2024 21:59:44,380 TRACE NetworkUtils.ProtobufProxy 52 initializeConnection - Enter Initializing the connection...
CLIENT - 20 Jun 2024 21:59:44,380 INFO  NetworkUtils.ProtobufProxy 55 initializeConnection - Initializing the socket...
CLIENT - 20 Jun 2024 21:59:44,381 INFO  NetworkUtils.ProtobufProxy 58 initializeConnection - Initializing the input and output streams...
CLIENT - 20 Jun 2024 21:59:44,382 INFO  NetworkUtils.ProtobufProxy 65 initializeConnection - Starting the reader thread...
CLIENT - 20 Jun 2024 21:59:44,384 INFO  NetworkUtils.ProtobufProxy 230 login - Sending the login request...
CLIENT - 20 Jun 2024 21:59:44,483 TRACE NetworkUtils.ProtobufProxy 153 sendRequest - Enter Sending the request: username: "test"
password: "1234"

CLIENT - 20 Jun 2024 21:59:44,488 TRACE NetworkUtils.ProtobufProxy 158 sendRequest - Exit with(Request sent successfully!)
CLIENT - 20 Jun 2024 21:59:44,488 INFO  NetworkUtils.ProtobufProxy 234 login - Reading the response from the server...
CLIENT - 20 Jun 2024 21:59:44,488 TRACE NetworkUtils.ProtobufProxy 172 readResponse - Enter Reading the response...
CLIENT - 20 Jun 2024 21:59:45,547 INFO  NetworkUtils.ProtobufProxy$ReaderThread 104 run - Received response: responseType: ERROR
errorMessage: "Couldn\'t login the user: Couldn\'t login the user."

CLIENT - 20 Jun 2024 21:59:45,548 INFO  NetworkUtils.ProtobufProxy$ReaderThread 124 run - Saving the response.
CLIENT - 20 Jun 2024 21:59:45,549 TRACE NetworkUtils.ProtobufProxy 175 readResponse - Exit with(Response read successfully!)
CLIENT - 20 Jun 2024 21:59:45,549 ERROR NetworkUtils.ProtobufProxy 245 login - Error logging in: Couldn't login the user: Couldn't login the user.
CLIENT - 20 Jun 2024 21:59:45,550 ERROR Controller.LoginController 72 loginAction - Error retrieving the user: Error logging in: Couldn't login the user: Couldn't login the user.
CLIENT - 20 Jun 2024 21:59:46,550 TRACE NetworkUtils.ProtobufProxy 77 closeConnection - Enter Closing the connection...
CLIENT - 20 Jun 2024 22:00:09,825 TRACE Controller.LoginController 48 loginAction - Enter Identifying the user by the passed username and password...
CLIENT - 20 Jun 2024 22:00:09,825 INFO  Controller.LoginController 50 loginAction - Checking if the fields are empty...
CLIENT - 20 Jun 2024 22:00:09,826 INFO  Controller.LoginController 57 loginAction - The fields are not empty. Continuing!
CLIENT - 20 Jun 2024 22:00:09,826 INFO  Controller.LoginController 61 loginAction - Trying to retrieve the user by the passed username 'test' and password...
CLIENT - 20 Jun 2024 22:00:09,826 TRACE NetworkUtils.ProtobufProxy 225 login - Enter Logging in with username: test.
CLIENT - 20 Jun 2024 22:00:09,827 INFO  NetworkUtils.ProtobufProxy 227 login - Initializing the connection...
CLIENT - 20 Jun 2024 22:00:09,827 TRACE NetworkUtils.ProtobufProxy 52 initializeConnection - Enter Initializing the connection...
CLIENT - 20 Jun 2024 22:00:09,827 INFO  NetworkUtils.ProtobufProxy 55 initializeConnection - Initializing the socket...
CLIENT - 20 Jun 2024 22:00:09,828 INFO  NetworkUtils.ProtobufProxy 58 initializeConnection - Initializing the input and output streams...
CLIENT - 20 Jun 2024 22:00:09,829 INFO  NetworkUtils.ProtobufProxy 65 initializeConnection - Starting the reader thread...
CLIENT - 20 Jun 2024 22:00:09,829 INFO  NetworkUtils.ProtobufProxy 230 login - Sending the login request...
CLIENT - 20 Jun 2024 22:00:09,830 TRACE NetworkUtils.ProtobufProxy 153 sendRequest - Enter Sending the request: username: "test"
password: "1234"

CLIENT - 20 Jun 2024 22:00:09,831 TRACE NetworkUtils.ProtobufProxy 158 sendRequest - Exit with(Request sent successfully!)
CLIENT - 20 Jun 2024 22:00:09,831 INFO  NetworkUtils.ProtobufProxy 234 login - Reading the response from the server...
CLIENT - 20 Jun 2024 22:00:09,831 TRACE NetworkUtils.ProtobufProxy 172 readResponse - Enter Reading the response...
CLIENT - 20 Jun 2024 22:00:09,900 INFO  NetworkUtils.ProtobufProxy$ReaderThread 104 run - Received response: responseType: ERROR
errorMessage: "Couldn\'t login the user: Couldn\'t login the user."

CLIENT - 20 Jun 2024 22:00:09,901 INFO  NetworkUtils.ProtobufProxy$ReaderThread 124 run - Saving the response.
CLIENT - 20 Jun 2024 22:00:09,902 TRACE NetworkUtils.ProtobufProxy 175 readResponse - Exit with(Response read successfully!)
CLIENT - 20 Jun 2024 22:00:09,902 ERROR NetworkUtils.ProtobufProxy 245 login - Error logging in: Couldn't login the user: Couldn't login the user.
CLIENT - 20 Jun 2024 22:00:09,902 ERROR Controller.LoginController 72 loginAction - Error retrieving the user: Error logging in: Couldn't login the user: Couldn't login the user.
CLIENT - 20 Jun 2024 22:00:10,902 TRACE NetworkUtils.ProtobufProxy 77 closeConnection - Enter Closing the connection...
CLIENT - 20 Jun 2024 22:00:18,154 TRACE Controller.LoginController 48 loginAction - Enter Identifying the user by the passed username and password...
CLIENT - 20 Jun 2024 22:00:18,154 INFO  Controller.LoginController 50 loginAction - Checking if the fields are empty...
CLIENT - 20 Jun 2024 22:00:18,154 INFO  Controller.LoginController 57 loginAction - The fields are not empty. Continuing!
CLIENT - 20 Jun 2024 22:00:18,155 INFO  Controller.LoginController 61 loginAction - Trying to retrieve the user by the passed username 'test' and password...
CLIENT - 20 Jun 2024 22:00:18,155 TRACE NetworkUtils.ProtobufProxy 225 login - Enter Logging in with username: test.
CLIENT - 20 Jun 2024 22:00:18,155 INFO  NetworkUtils.ProtobufProxy 227 login - Initializing the connection...
CLIENT - 20 Jun 2024 22:00:18,156 TRACE NetworkUtils.ProtobufProxy 52 initializeConnection - Enter Initializing the connection...
CLIENT - 20 Jun 2024 22:00:18,156 INFO  NetworkUtils.ProtobufProxy 55 initializeConnection - Initializing the socket...
CLIENT - 20 Jun 2024 22:00:18,156 INFO  NetworkUtils.ProtobufProxy 58 initializeConnection - Initializing the input and output streams...
CLIENT - 20 Jun 2024 22:00:18,157 INFO  NetworkUtils.ProtobufProxy 65 initializeConnection - Starting the reader thread...
CLIENT - 20 Jun 2024 22:00:18,157 INFO  NetworkUtils.ProtobufProxy 230 login - Sending the login request...
CLIENT - 20 Jun 2024 22:00:18,158 TRACE NetworkUtils.ProtobufProxy 153 sendRequest - Enter Sending the request: username: "test"
password: "1234"

CLIENT - 20 Jun 2024 22:00:18,158 TRACE NetworkUtils.ProtobufProxy 158 sendRequest - Exit with(Request sent successfully!)
CLIENT - 20 Jun 2024 22:00:18,158 INFO  NetworkUtils.ProtobufProxy 234 login - Reading the response from the server...
CLIENT - 20 Jun 2024 22:00:18,158 TRACE NetworkUtils.ProtobufProxy 172 readResponse - Enter Reading the response...
CLIENT - 20 Jun 2024 22:00:18,214 INFO  NetworkUtils.ProtobufProxy$ReaderThread 104 run - Received response: responseType: ERROR
errorMessage: "Couldn\'t login the user: Couldn\'t login the user."

CLIENT - 20 Jun 2024 22:00:18,215 INFO  NetworkUtils.ProtobufProxy$ReaderThread 124 run - Saving the response.
CLIENT - 20 Jun 2024 22:00:18,215 TRACE NetworkUtils.ProtobufProxy 175 readResponse - Exit with(Response read successfully!)
CLIENT - 20 Jun 2024 22:00:18,216 ERROR NetworkUtils.ProtobufProxy 245 login - Error logging in: Couldn't login the user: Couldn't login the user.
CLIENT - 20 Jun 2024 22:00:18,216 ERROR Controller.LoginController 72 loginAction - Error retrieving the user: Error logging in: Couldn't login the user: Couldn't login the user.
CLIENT - 20 Jun 2024 22:00:19,216 TRACE NetworkUtils.ProtobufProxy 77 closeConnection - Enter Closing the connection...
